{"/Users/louisla/senior/sdc/questions-answers-service/database/config.js": {"path":"/Users/louisla/senior/sdc/questions-answers-service/database/config.js","statementMap":{"0":{"start":{"line":1,"column":0},"end":{"line":5,"column":2}}},"fnMap":{},"branchMap":{},"s":{"0":1},"f":{},"b":{},"_coverageSchema":"1a1c01bbd47fc00a2c39e90264f33305004495a9","hash":"6e41594f00ef4d0cb78ca21aabe015f99f93a2ec"}
,"/Users/louisla/senior/sdc/questions-answers-service/database/index.js": {"path":"/Users/louisla/senior/sdc/questions-answers-service/database/index.js","statementMap":{"0":{"start":{"line":1,"column":14},"end":{"line":1,"column":30}},"1":{"start":{"line":2,"column":20},"end":{"line":2,"column":42}},"2":{"start":{"line":3,"column":10},"end":{"line":3,"column":27}},"3":{"start":{"line":5,"column":19},"end":{"line":5,"column":54}},"4":{"start":{"line":7,"column":21},"end":{"line":35,"column":1}},"5":{"start":{"line":8,"column":18},"end":{"line":31,"column":52}},"6":{"start":{"line":34,"column":2},"end":{"line":34,"column":40}},"7":{"start":{"line":37,"column":25},"end":{"line":46,"column":1}},"8":{"start":{"line":38,"column":22},"end":{"line":42,"column":33}},"9":{"start":{"line":45,"column":2},"end":{"line":45,"column":44}},"10":{"start":{"line":48,"column":0},"end":{"line":51,"column":2}}},"fnMap":{"0":{"name":"(anonymous_0)","decl":{"start":{"line":7,"column":21},"end":{"line":7,"column":22}},"loc":{"start":{"line":7,"column":46},"end":{"line":35,"column":1}},"line":7},"1":{"name":"(anonymous_1)","decl":{"start":{"line":37,"column":25},"end":{"line":37,"column":26}},"loc":{"start":{"line":37,"column":50},"end":{"line":46,"column":1}},"line":37}},"branchMap":{},"s":{"0":1,"1":1,"2":1,"3":1,"4":1,"5":1,"6":1,"7":1,"8":0,"9":0,"10":1},"f":{"0":1,"1":0},"b":{},"_coverageSchema":"1a1c01bbd47fc00a2c39e90264f33305004495a9","hash":"35054db6513f7ebf59d7ff5c02413fae13005649"}
}
